La génération a démarré 03/03/2016 10:14:04.
     1>Projet "C:\Users\ensimag\Documents\ProgMath\RegArch16 v120\WrapperNloptCpp\WrapperNloptCpp.vcxproj" sur le nœud 2 (Build cible(s)).
     1>C:\Program Files (x86)\MSBuild\12.0\bin\Microsoft.Common.CurrentVersion.targets(1430,5): warning : The referenced project '..\nlopt-2.4.2\nlopt-2.4.2.vcxproj' does not exist.
     1>ClCompile:
         C:\Program Files (x86)\Microsoft Visual Studio 12.0\VC\bin\CL.exe /c /I"C:\Users\ensimag\Documents\ProgMath\nlopt-dir\nlopt-include" /ZI /nologo /W3 /WX- /Od /Oy- /D WIN32 /D _DEBUG /D _LIB /D _UNICODE /D UNICODE /Gm /EHsc /RTC1 /MDd /GS /fp:precise /Zc:wchar_t /Zc:forScope /Yc"StdAfxWrapperNloptCpp.h" /Fp"C:\Users\ensimag\Documents\ProgMath\RegArch16 v120\Obj\Debug\Win32\WrapperNloptCpp\WrapperNloptCpp.pch" /Fo"C:\Users\ensimag\Documents\ProgMath\RegArch16 v120\Obj\Debug\Win32\WrapperNloptCpp\\" /Fd"C:\Users\ensimag\Documents\ProgMath\RegArch16 v120\Obj\Debug\Win32\WrapperNloptCpp\vc120.pdb" /Gd /TP /analyze- /errorReport:prompt StdAfxWrapperNloptCpp.cpp WrapperNloptCpp.cpp
         WrapperNloptCpp.cpp
     1>c:\users\ensimag\documents\progmath\regarch16 v120\wrappernloptcpp\wrappernloptcpp.cpp(38): warning C4996: 'sprintf': This function or variable may be unsafe. Consider using sprintf_s instead. To disable deprecation, use _CRT_SECURE_NO_WARNINGS. See online help for details.
                 c:\program files (x86)\microsoft visual studio 12.0\vc\include\stdio.h(356) : voir la déclaration de 'sprintf'
     1>c:\users\ensimag\documents\progmath\regarch16 v120\wrappernloptcpp\wrappernloptcpp.cpp(49): warning C4996: 'sprintf': This function or variable may be unsafe. Consider using sprintf_s instead. To disable deprecation, use _CRT_SECURE_NO_WARNINGS. See online help for details.
                 c:\program files (x86)\microsoft visual studio 12.0\vc\include\stdio.h(356) : voir la déclaration de 'sprintf'
     1>c:\users\ensimag\documents\progmath\regarch16 v120\wrappernloptcpp\wrappernloptcpp.cpp(182): warning C4244: 'argument' : conversion de 'double' en 'int', perte possible de données
     1>c:\users\ensimag\documents\progmath\regarch16 v120\wrappernloptcpp\wrappernloptcpp.cpp(187): warning C4804: '<' : utilisation risquée du type 'bool' dans l'opération
     1>c:\users\ensimag\documents\progmath\regarch16 v120\wrappernloptcpp\wrappernloptcpp.cpp(194): warning C4996: 'sprintf': This function or variable may be unsafe. Consider using sprintf_s instead. To disable deprecation, use _CRT_SECURE_NO_WARNINGS. See online help for details.
                 c:\program files (x86)\microsoft visual studio 12.0\vc\include\stdio.h(356) : voir la déclaration de 'sprintf'
     1>c:\users\ensimag\documents\progmath\regarch16 v120\wrappernloptcpp\wrappernloptcpp.cpp(197): warning C4996: 'sprintf': This function or variable may be unsafe. Consider using sprintf_s instead. To disable deprecation, use _CRT_SECURE_NO_WARNINGS. See online help for details.
                 c:\program files (x86)\microsoft visual studio 12.0\vc\include\stdio.h(356) : voir la déclaration de 'sprintf'
     1>c:\users\ensimag\documents\progmath\regarch16 v120\wrappernloptcpp\wrappernloptcpp.cpp(200): warning C4996: 'sprintf': This function or variable may be unsafe. Consider using sprintf_s instead. To disable deprecation, use _CRT_SECURE_NO_WARNINGS. See online help for details.
                 c:\program files (x86)\microsoft visual studio 12.0\vc\include\stdio.h(356) : voir la déclaration de 'sprintf'
     1>c:\users\ensimag\documents\progmath\regarch16 v120\wrappernloptcpp\wrappernloptcpp.cpp(203): warning C4996: 'sprintf': This function or variable may be unsafe. Consider using sprintf_s instead. To disable deprecation, use _CRT_SECURE_NO_WARNINGS. See online help for details.
                 c:\program files (x86)\microsoft visual studio 12.0\vc\include\stdio.h(356) : voir la déclaration de 'sprintf'
     1>c:\users\ensimag\documents\progmath\regarch16 v120\wrappernloptcpp\wrappernloptcpp.cpp(206): warning C4996: 'sprintf': This function or variable may be unsafe. Consider using sprintf_s instead. To disable deprecation, use _CRT_SECURE_NO_WARNINGS. See online help for details.
                 c:\program files (x86)\microsoft visual studio 12.0\vc\include\stdio.h(356) : voir la déclaration de 'sprintf'
     1>c:\users\ensimag\documents\progmath\regarch16 v120\wrappernloptcpp\wrappernloptcpp.cpp(209): warning C4996: 'sprintf': This function or variable may be unsafe. Consider using sprintf_s instead. To disable deprecation, use _CRT_SECURE_NO_WARNINGS. See online help for details.
                 c:\program files (x86)\microsoft visual studio 12.0\vc\include\stdio.h(356) : voir la déclaration de 'sprintf'
     1>c:\users\ensimag\documents\progmath\regarch16 v120\wrappernloptcpp\wrappernloptcpp.cpp(212): warning C4996: 'sprintf': This function or variable may be unsafe. Consider using sprintf_s instead. To disable deprecation, use _CRT_SECURE_NO_WARNINGS. See online help for details.
                 c:\program files (x86)\microsoft visual studio 12.0\vc\include\stdio.h(356) : voir la déclaration de 'sprintf'
     1>c:\users\ensimag\documents\progmath\regarch16 v120\wrappernloptcpp\wrappernloptcpp.cpp(215): warning C4996: 'sprintf': This function or variable may be unsafe. Consider using sprintf_s instead. To disable deprecation, use _CRT_SECURE_NO_WARNINGS. See online help for details.
                 c:\program files (x86)\microsoft visual studio 12.0\vc\include\stdio.h(356) : voir la déclaration de 'sprintf'
     1>c:\users\ensimag\documents\progmath\regarch16 v120\wrappernloptcpp\wrappernloptcpp.cpp(218): warning C4996: 'sprintf': This function or variable may be unsafe. Consider using sprintf_s instead. To disable deprecation, use _CRT_SECURE_NO_WARNINGS. See online help for details.
                 c:\program files (x86)\microsoft visual studio 12.0\vc\include\stdio.h(356) : voir la déclaration de 'sprintf'
     1>c:\users\ensimag\documents\progmath\regarch16 v120\wrappernloptcpp\wrappernloptcpp.cpp(221): warning C4996: 'sprintf': This function or variable may be unsafe. Consider using sprintf_s instead. To disable deprecation, use _CRT_SECURE_NO_WARNINGS. See online help for details.
                 c:\program files (x86)\microsoft visual studio 12.0\vc\include\stdio.h(356) : voir la déclaration de 'sprintf'
     1>c:\users\ensimag\documents\progmath\regarch16 v120\wrappernloptcpp\wrappernloptcpp.cpp(224): warning C4996: 'sprintf': This function or variable may be unsafe. Consider using sprintf_s instead. To disable deprecation, use _CRT_SECURE_NO_WARNINGS. See online help for details.
                 c:\program files (x86)\microsoft visual studio 12.0\vc\include\stdio.h(356) : voir la déclaration de 'sprintf'
         StdAfxWrapperNloptCpp.cpp
       Lib:
         C:\Program Files (x86)\Microsoft Visual Studio 12.0\VC\bin\Lib.exe /OUT:"C:\Users\ensimag\Documents\ProgMath\RegArch16 v120\Lib\Debug\Win32\WrapperNloptCpp.lib" /NOLOGO "C:\Users\ensimag\Documents\ProgMath\RegArch16 v120\Obj\Debug\Win32\WrapperNloptCpp\StdAfxWrapperNloptCpp.obj"
         "C:\Users\ensimag\Documents\ProgMath\RegArch16 v120\Obj\Debug\Win32\WrapperNloptCpp\WrapperNloptCpp.obj"
         WrapperNloptCpp.vcxproj -> C:\Users\ensimag\Documents\ProgMath\RegArch16 v120\Lib\Debug\Win32\WrapperNloptCpp.lib
     1>Génération du projet "C:\Users\ensimag\Documents\ProgMath\RegArch16 v120\WrapperNloptCpp\WrapperNloptCpp.vcxproj" terminée (Build cible(s)).

La génération a réussi.

Temps écoulé 00:00:00.55
